<?xml version="1.0" encoding="UTF-8"?>
<testsuite xmlns:xsi="http://www.w3.org/2001/XMLSchema-instance" xsi:noNamespaceSchemaLocation="https://maven.apache.org/surefire/maven-surefire-plugin/xsd/surefire-test-report-3.0.xsd" version="3.0" name="address.data.AddressEntryTest" time="0.001" tests="10" errors="0" skipped="0" failures="0">
  <properties>
    <property name="java.specification.version" value="20"/>
    <property name="sun.cpu.isalist" value="amd64"/>
    <property name="sun.jnu.encoding" value="Cp1252"/>
    <property name="java.class.path" value="C:\Users\Julián\pcs\proyecto\AddressBook\target\test-classes;C:\Users\Julián\pcs\proyecto\AddressBook\target\classes;C:\Users\Julián\.m2\repository\junit\junit\4.13.1\junit-4.13.1.jar;C:\Users\Julián\.m2\repository\org\hamcrest\hamcrest-core\1.3\hamcrest-core-1.3.jar;"/>
    <property name="java.vm.vendor" value="Oracle Corporation"/>
    <property name="sun.arch.data.model" value="64"/>
    <property name="user.variant" value=""/>
    <property name="java.vendor.url" value="https://java.oracle.com/"/>
    <property name="user.timezone" value="America/Mexico_City"/>
    <property name="os.name" value="Windows 11"/>
    <property name="java.vm.specification.version" value="20"/>
    <property name="sun.java.launcher" value="SUN_STANDARD"/>
    <property name="user.country" value="MX"/>
    <property name="sun.boot.library.path" value="C:\Program Files\Java\jdk-20\bin"/>
    <property name="sun.java.command" value="C:\Users\Julián\AppData\Local\Temp\surefire12993160173059079383\surefirebooter-20240605215330644_3.jar C:\Users\Julián\AppData\Local\Temp\surefire12993160173059079383 2024-06-05T21-53-30_531-jvmRun1 surefire-20240605215330644_1tmp surefire_0-20240605215330644_2tmp"/>
    <property name="jdk.debug" value="release"/>
    <property name="surefire.test.class.path" value="C:\Users\Julián\pcs\proyecto\AddressBook\target\test-classes;C:\Users\Julián\pcs\proyecto\AddressBook\target\classes;C:\Users\Julián\.m2\repository\junit\junit\4.13.1\junit-4.13.1.jar;C:\Users\Julián\.m2\repository\org\hamcrest\hamcrest-core\1.3\hamcrest-core-1.3.jar;"/>
    <property name="sun.cpu.endian" value="little"/>
    <property name="user.home" value="C:\Users\Julián"/>
    <property name="user.language" value="es"/>
    <property name="java.specification.vendor" value="Oracle Corporation"/>
    <property name="java.version.date" value="2023-04-18"/>
    <property name="java.home" value="C:\Program Files\Java\jdk-20"/>
    <property name="file.separator" value="\"/>
    <property name="basedir" value="C:\Users\Julián\pcs\proyecto\AddressBook"/>
    <property name="java.vm.compressedOopsMode" value="Zero based"/>
    <property name="line.separator" value="&#10;"/>
    <property name="java.vm.specification.vendor" value="Oracle Corporation"/>
    <property name="java.specification.name" value="Java Platform API Specification"/>
    <property name="surefire.real.class.path" value="C:\Users\Julián\AppData\Local\Temp\surefire12993160173059079383\surefirebooter-20240605215330644_3.jar"/>
    <property name="user.script" value=""/>
    <property name="sun.management.compiler" value="HotSpot 64-Bit Tiered Compilers"/>
    <property name="java.runtime.version" value="20.0.1+9-29"/>
    <property name="user.name" value="Julián"/>
    <property name="stdout.encoding" value="Cp1252"/>
    <property name="path.separator" value=";"/>
    <property name="os.version" value="10.0"/>
    <property name="java.runtime.name" value="Java(TM) SE Runtime Environment"/>
    <property name="file.encoding" value="UTF-8"/>
    <property name="java.vm.name" value="Java HotSpot(TM) 64-Bit Server VM"/>
    <property name="localRepository" value="C:\Users\Julián\.m2\repository"/>
    <property name="java.vendor.url.bug" value="https://bugreport.java.com/bugreport/"/>
    <property name="java.io.tmpdir" value="C:\Users\JULIN~1\AppData\Local\Temp\"/>
    <property name="java.version" value="20.0.1"/>
    <property name="user.dir" value="C:\Users\Julián\pcs\proyecto\AddressBook"/>
    <property name="os.arch" value="amd64"/>
    <property name="java.vm.specification.name" value="Java Virtual Machine Specification"/>
    <property name="sun.os.patch.level" value=""/>
    <property name="native.encoding" value="Cp1252"/>
    <property name="java.library.path" value="C:\Program Files\Java\jdk-20\bin;C:\WINDOWS\Sun\Java\bin;C:\WINDOWS\system32;C:\WINDOWS;C:\Program Files\Common Files\Oracle\Java\javapath;C:\WINDOWS\system32;C:\WINDOWS;C:\WINDOWS\System32\Wbem;C:\WINDOWS\System32\WindowsPowerShell\v1.0\;C:\WINDOWS\System32\OpenSSH\;C:\Program Files\dotnet\;C:\Program Files\Git\cmd;C:\Program Files\nodejs\;C:\Program Files\usbipd-win\;C:\Program Files\Docker\Docker\resources\bin;C:\Users\Julián\apache-maven-3.9.7-bin\apache-maven-3.9.7\bin;C:\Users\Julián\AppData\Local\Programs\Python\Python312\;C:\Users\Julián\AppData\Local\Programs\Python\Python312\Scripts\;C:\xampp\mysql\bin;C:\Users\Julián\AppData\Local\Microsoft\WindowsApps;C:\msys64\ucrt64\bin;C:\Users\Julián\AppData\Local\Programs\Microsoft VS Code\bin;C:\Users\Julián\AppData\Roaming\npm;;C:\Program Files\JetBrains\IntelliJ IDEA 2023.3.4\bin;;C:\Program Files (x86)\Nmap;C:\Program Files\JetBrains\PyCharm 2024.1.1\bin;;."/>
    <property name="java.vm.info" value="mixed mode, sharing"/>
    <property name="stderr.encoding" value="Cp1252"/>
    <property name="java.vendor" value="Oracle Corporation"/>
    <property name="java.vm.version" value="20.0.1+9-29"/>
    <property name="sun.io.unicode.encoding" value="UnicodeLittle"/>
    <property name="java.class.version" value="64.0"/>
  </properties>
  <testcase name="getPhoneNumber" classname="address.data.AddressEntryTest" time="0.0"/>
  <testcase name="getAddress" classname="address.data.AddressEntryTest" time="0.0"/>
  <testcase name="getFirstName" classname="address.data.AddressEntryTest" time="0.0"/>
  <testcase name="setLastName" classname="address.data.AddressEntryTest" time="0.0"/>
  <testcase name="getLastName" classname="address.data.AddressEntryTest" time="0.0"/>
  <testcase name="setPhoneNumber" classname="address.data.AddressEntryTest" time="0.0"/>
  <testcase name="setEmail" classname="address.data.AddressEntryTest" time="0.0"/>
  <testcase name="setFirstName" classname="address.data.AddressEntryTest" time="0.0"/>
  <testcase name="setAddress" classname="address.data.AddressEntryTest" time="0.0"/>
  <testcase name="getEmail" classname="address.data.AddressEntryTest" time="0.0"/>
</testsuite>